<?xml version="1.0" encoding="UTF-8"?><testsuite errors="0" failures="0" name="io.cucumber.core.plugin.JUnitFormatter" skipped="0" tests="1" time="125.987">
<testcase classname="features to test initiate transaction for physical products functionality" name="Transaction check validate summary Functionality" time="125.857">
<system-out><![CDATA[Given user on my shopify store page.........................................passed
When user is login in to store with url and password........................passed
And click on enter button...................................................passed
When user is navigated to store home page...................................passed
And click on catalog........................................................passed
When user login to vt customer portal url username and password.............passed
And navigate to risk management list page...................................passed
And search order with order id..............................................passed
And click for transaction summary...........................................passed
And check attributes positive negative......................................passed
And validate risk score and status..........................................passed
Then user logout............................................................passed
]]></system-out>
</testcase>
</testsuite>
