<?xml version="1.0" encoding="UTF-8"?><testsuite errors="0" failures="0" name="io.cucumber.core.plugin.JUnitFormatter" skipped="0" tests="5" time="841.71">
<testcase classname="features to test initiate transaction for physical products functionality" name="Transaction buy it now Functionality" time="163.701">
<system-out><![CDATA[Given user on my shopify store page.........................................passed
When user is login in to store with url and password........................passed
And click on enter button...................................................passed
When user is navigated to store home page...................................passed
And click on catalog........................................................passed
And user search and add product in card "Chequered Red Shirt" quantity 2....passed
When click on buy it now....................................................passed
And user fill checkout email or phone from CustomerDetails_XLSX_10.xlsx and 1.passed
When user fill contact information from CustomerDetails_XLSX_10.xlsx and 1..passed
And click on continue to shipping...........................................passed
When user choose a shipping method..........................................passed
And click on continue to payment............................................passed
When user fill credit card detail...........................................passed
And click on pay now button.................................................passed
Then user is navigated to order detail page.................................passed
When user login to vt customer portal url username and password.............passed
And navigate to risk management list page...................................passed
And search order with order id..............................................passed
And click for transaction summary...........................................passed
And check order status......................................................passed
And click decisions tab.....................................................passed
And search store for get decisions settings.................................passed
And user logout.............................................................passed
When user navigate to partners shopify page.................................passed
When user login in shopify partners with email and password for store.......passed
And shopify search and login in store.......................................passed
And click on store tab......................................................passed
And search order in shopify with order id...................................passed
And Check order payment status..............................................passed
]]></system-out>
</testcase>
<testcase classname="features to test initiate transaction for physical products functionality" name="Transaction buy it now Functionality 2" time="151.545">
<system-out><![CDATA[Given user on my shopify store page.........................................passed
When user is login in to store with url and password........................passed
And click on enter button...................................................passed
When user is navigated to store home page...................................passed
And click on catalog........................................................passed
And user search and add product in card "Chequered Red Shirt" quantity 2....passed
When click on buy it now....................................................passed
And user fill checkout email or phone from CustomerDetails_XLSX_10.xlsx and 3.passed
When user fill contact information from CustomerDetails_XLSX_10.xlsx and 3..passed
And click on continue to shipping...........................................passed
When user choose a shipping method..........................................passed
And click on continue to payment............................................passed
When user fill credit card detail...........................................passed
And click on pay now button.................................................passed
Then user is navigated to order detail page.................................passed
When user login to vt customer portal url username and password.............passed
And navigate to risk management list page...................................passed
And search order with order id..............................................passed
And click for transaction summary...........................................passed
And check order status......................................................passed
And click decisions tab.....................................................passed
And search store for get decisions settings.................................passed
And user logout.............................................................passed
When user navigate to partners shopify page.................................passed
When user login in shopify partners with email and password for store.......passed
And shopify search and login in store.......................................passed
And click on store tab......................................................passed
And search order in shopify with order id...................................passed
And Check order payment status..............................................passed
]]></system-out>
</testcase>
<testcase classname="features to test initiate transaction for physical products functionality" name="Transaction buy it now Functionality whit Different Billing and Shipping Address" time="163.247">
<system-out><![CDATA[Given user on my shopify store page.........................................passed
When user is login in to store with url and password........................passed
And click on enter button...................................................passed
When user is navigated to store home page...................................passed
And click on catalog........................................................passed
And user search and add product in card "Chequered Red Shirt" quantity 2....passed
When click on buy it now....................................................passed
And user fill checkout email or phone from CustomerDetails_XLSX_10.xlsx and 1.passed
When user fill contact information from CustomerDetails_XLSX_10.xlsx and 1..passed
And click on continue to shipping...........................................passed
When user choose a shipping method..........................................passed
And click on continue to payment............................................passed
And user click use a different billing address..............................passed
When user fill credit card detail...........................................passed
And user fill billing address from CustomerDetails_XLSX_10.xlsx and 3.......passed
And click on pay now button.................................................passed
Then user is navigated to order detail page.................................passed
When user login to vt customer portal url username and password.............passed
And navigate to risk management list page...................................passed
And search order with order id..............................................passed
And click for transaction summary...........................................passed
And check order status......................................................passed
And click decisions tab.....................................................passed
And search store for get decisions settings.................................passed
And user logout.............................................................passed
When user navigate to partners shopify page.................................passed
When user login in shopify partners with email and password for store.......passed
And shopify search and login in store.......................................passed
And click on store tab......................................................passed
And search order in shopify with order id...................................passed
And Check order payment status..............................................passed
]]></system-out>
</testcase>
<testcase classname="features to test initiate transaction for physical products functionality" name="Transaction add to card Functionality" time="174.193">
<system-out><![CDATA[Given user on my shopify store page.........................................passed
When user is login in to store with url and password........................passed
And click on enter button...................................................passed
When user is navigated to store home page...................................passed
And click on catalog........................................................passed
And user search and add product in card "Chequered Red Shirt" quantity 2....passed
And click add to card.......................................................passed
And user search and add product in card "Blue Silk Tuxedo" quantity 3.......passed
And click add to card.......................................................passed
And click check out.........................................................passed
And user fill checkout email or phone from CustomerDetails_XLSX_10.xlsx and 3.passed
When user fill contact information from CustomerDetails_XLSX_10.xlsx and 3..passed
And click on continue to shipping...........................................passed
When user choose a shipping method..........................................passed
And click on continue to payment............................................passed
When user fill credit card detail...........................................passed
And click on pay now button.................................................passed
Then user is navigated to order detail page.................................passed
When user login to vt customer portal url username and password.............passed
And navigate to risk management list page...................................passed
And search order with order id..............................................passed
And click for transaction summary...........................................passed
And check order status......................................................passed
And click decisions tab.....................................................passed
And search store for get decisions settings.................................passed
And user logout.............................................................passed
When user navigate to partners shopify page.................................passed
When user login in shopify partners with email and password for store.......passed
And shopify search and login in store.......................................passed
And click on store tab......................................................passed
And search order in shopify with order id...................................passed
And Check order payment status..............................................passed
]]></system-out>
</testcase>
<testcase classname="features to test initiate transaction for physical products functionality" name="Transaction add to card Functionality whit Different Billing and Shipping Address" time="188.811">
<system-out><![CDATA[Given user on my shopify store page.........................................passed
When user is login in to store with url and password........................passed
And click on enter button...................................................passed
When user is navigated to store home page...................................passed
And click on catalog........................................................passed
And user search and add product in card "Chequered Red Shirt" quantity 4....passed
And click add to card.......................................................passed
And user search and add product in card "Blue Silk Tuxedo" quantity 7.......passed
And click add to card.......................................................passed
And click check out.........................................................passed
And user fill checkout email or phone from CustomerDetails_XLSX_10.xlsx and 3.passed
When user fill contact information from CustomerDetails_XLSX_10.xlsx and 3..passed
And click on continue to shipping...........................................passed
When user choose a shipping method..........................................passed
And click on continue to payment............................................passed
And user click use a different billing address..............................passed
When user fill credit card detail...........................................passed
And user fill billing address from CustomerDetails_XLSX_10.xlsx and 2.......passed
And click on pay now button.................................................passed
Then user is navigated to order detail page.................................passed
When user login to vt customer portal url username and password.............passed
And navigate to risk management list page...................................passed
And search order with order id..............................................passed
And click for transaction summary...........................................passed
And check order status......................................................passed
And click decisions tab.....................................................passed
And search store for get decisions settings.................................passed
And user logout.............................................................passed
When user navigate to partners shopify page.................................passed
When user login in shopify partners with email and password for store.......passed
And shopify search and login in store.......................................passed
And click on store tab......................................................passed
And search order in shopify with order id...................................passed
And Check order payment status..............................................passed
]]></system-out>
</testcase>
</testsuite>
